
ROM used: 1836 (6%)
          1836 (6%) including unused fragments

          2 Average locations per line
          24 Average locations per statement

RAM used: 44 (3%) at main() level
          72 (5%) worst case

Lines Stmts  %   Files
----- ----- ---  -----
   39    15  20  H:\Electrical Engineering Technology\Classes\Microcontrollers\Code\LCD\lcd.c
  412     0   0  C:\Program Files (x86)\PICC\devices\18f4520.h
    8     0   0  H:\Electrical Engineering Technology\Classes\Microcontrollers\Code\Library\18f4520ptr.h
    9     0   0  H:\Electrical Engineering Technology\Classes\Microcontrollers\Code\library\GPIO.h
   33     0   0  H:\Electrical Engineering Technology\Classes\Microcontrollers\Code\library\Analog.h
   42     0   0  H:\Electrical Engineering Technology\Classes\Microcontrollers\Code\library\Interrupts.h
   14     0   0  H:\Electrical Engineering Technology\Classes\Microcontrollers\Code\library\PeripheralInterrupts.h
  185    61  67  H:\Electrical Engineering Technology\Classes\Microcontrollers\Code\library\modifiedlcd.h
----- -----
 1484   152 Total

Page ROM  %  RAM  Functions:
---- --- --- ---  ----------
0     38   1   1  @delay_ms1
0     20   1   0  @const104
0     64   2   3  lcd_read_byte
0     30   1   1  lcd_send_nibble
0     56   2   3  lcd_send_byte
0     60   2   2  lcd_init
0     38   1   4  lcd_gotoxy
0     66   2   1  lcd_putc
0    412  11   5  main
0     22   1   0  @const10089
0     58   2   2  @ITOF
0    246   7  11  @MULFF
0    722  20  18  @PRINTF_F_474

 Segment   Used  Free
---------  ----  ----
00000-00002     4  0
00004-07FFE  1832  30932

