
ROM used: 2684 (8%)
          2684 (8%) including unused fragments

          4 Average locations per line
          34 Average locations per statement

RAM used: 63 (4%) at main() level
          113 (7%) worst case

Lines Stmts  %   Files
----- ----- ---  -----
   52    18  23  H:\Electrical Engineering Technology\Classes\Programming\Microcontrollers\Code\LCD\lcd_3.c
  412     0   0  C:\Program Files (x86)\PICC\devices\18f4520.h
    8     0   0  H:\Electrical Engineering Technology\Classes\Programming\Microcontrollers\Code\Library\18f4520ptr.h
    9     0   0  H:\Electrical Engineering Technology\Classes\Programming\Microcontrollers\Code\library\GPIO.h
   33     0   0  H:\Electrical Engineering Technology\Classes\Programming\Microcontrollers\Code\library\Analog.h
   42     0   0  H:\Electrical Engineering Technology\Classes\Programming\Microcontrollers\Code\library\Interrupts.h
   14     0   0  H:\Electrical Engineering Technology\Classes\Programming\Microcontrollers\Code\library\PeripheralInterrupts.h
  185    61  63  H:\Electrical Engineering Technology\Classes\Programming\Microcontrollers\Code\library\modifiedlcd.h
----- -----
 1510   158 Total

Page ROM  %  RAM  Functions:
---- --- --- ---  ----------
0     38   1   1  @delay_ms1
0     30   1   0  @const104
0     64   1   3  lcd_read_byte
0     30   1   1  lcd_send_nibble
0     56   1   3  lcd_send_byte
0     60   1   2  lcd_init
0     38   1   4  lcd_gotoxy
0     66   1   1  lcd_putc
0    152   3   8  int_ad_isr
0     58   1   2  @ITOF
0    246   5  11  @MULFF
0    626  12  16  @ADDFF
0    352   7   2  main
0    722  13  18  @PRINTF_F_474

 Segment   Used  Free
---------  ----  ----
00000-00002     4  0
00004-00006     0  4
00008-00094   142  0
00096-07FFE  2538  30080

