
ROM used: 2058 (6%)
          2058 (6%) including unused fragments

          3 Average locations per line
          26 Average locations per statement

RAM used: 63 (4%) at main() level
          102 (7%) worst case

Lines Stmts  %   Files
----- ----- ---  -----
   55    19  24  H:\Electrical Engineering Technology\Classes\Microcontrollers\Code\LCD\lcd_1.c
  412     0   0  C:\Program Files (x86)\PICC\devices\18f4520.h
    8     0   0  H:\Electrical Engineering Technology\Classes\Microcontrollers\Code\Library\18f4520ptr.h
    9     0   0  H:\Electrical Engineering Technology\Classes\Microcontrollers\Code\library\GPIO.h
   33     0   0  H:\Electrical Engineering Technology\Classes\Microcontrollers\Code\library\Analog.h
   42     0   0  H:\Electrical Engineering Technology\Classes\Microcontrollers\Code\library\Interrupts.h
   14     0   0  H:\Electrical Engineering Technology\Classes\Microcontrollers\Code\library\PeripheralInterrupts.h
  185    61  62  H:\Electrical Engineering Technology\Classes\Microcontrollers\Code\library\modifiedlcd.h
----- -----
 1516   160 Total

Page ROM  %  RAM  Functions:
---- --- --- ---  ----------
0     38   1   1  @delay_ms1
0     30   1   0  @const104
0     64   2   3  lcd_read_byte
0     30   1   1  lcd_send_nibble
0     56   1   3  lcd_send_byte
0     60   1   2  lcd_init
0     38   1   4  lcd_gotoxy
0     66   2   1  lcd_putc
0     88   2   2  int_ad_isr
0     58   1   2  @ITOF
0    246   6  11  @MULFF
0    382   9   2  main
0     34   1   0  @const10101
0    722  18  18  @PRINTF_F_474

 Segment   Used  Free
---------  ----  ----
00000-00002     4  0
00004-00006     0  4
00008-00094   142  0
00096-07FFE  1912  30706

