
ROM used: 4056 (12%)
          4056 (12%) including unused fragments

          4 Average locations per line
          33 Average locations per statement

RAM used: 91 (6%) at main() level
          141 (9%) worst case

Lines Stmts  %   Files
----- ----- ---  -----
  105    31  25  H:\Electrical Engineering Technology\Classes\Programming\Microcontrollers\Microcontrollers-master\Microcontrollers-master\Code-Design\Code\Challenges\Challenge_1.c
   32     0   0  H:\Electrical Engineering Technology\Classes\Programming\Microcontrollers\Microcontrollers-master\Microcontrollers-master\Code-Design\Code\Library\Library_18f4520.h
  412     0   0  C:\Program Files (x86)\PICC\devices\18f4520.h
    4     0   0  H:\Electrical Engineering Technology\Classes\Programming\Microcontrollers\Microcontrollers-master\Microcontrollers-master\Code-Design\Code\library\FusesLockBits.h
  194     0   0  H:\Electrical Engineering Technology\Classes\Programming\Microcontrollers\Microcontrollers-master\Microcontrollers-master\Code-Design\Code\library\Register_Addresses_Definitions.h
   24     0   0  H:\Electrical Engineering Technology\Classes\Programming\Microcontrollers\Microcontrollers-master\Microcontrollers-master\Code-Design\Code\library\TRIS_PORT_LAT.h
   37     0   0  H:\Electrical Engineering Technology\Classes\Programming\Microcontrollers\Microcontrollers-master\Microcontrollers-master\Code-Design\Code\library\Analog_To_Digital.h
   61     0   0  H:\Electrical Engineering Technology\Classes\Programming\Microcontrollers\Microcontrollers-master\Microcontrollers-master\Code-Design\Code\library\Interrupts.h
   89    31  20  H:\Electrical Engineering Technology\Classes\Programming\Microcontrollers\Microcontrollers-master\Microcontrollers-master\Code-Design\Code\library\Keypad_Connection.h
  195    61  33  H:\Electrical Engineering Technology\Classes\Programming\Microcontrollers\Microcontrollers-master\Microcontrollers-master\Code-Design\Code\library\Modified_LCD.h
----- -----
 2306   246 Total

Page ROM  %  RAM  Functions:
---- --- --- ---  ----------
0     38   0   1  @delay_ms1
0    234   3   3  keyPress
0     30   0   0  @const135
0     64   1   3  lcd_read_byte
0     30   0   1  lcd_send_nibble
0     56   1   3  lcd_send_byte
0     60   1   2  lcd_init
0     38   0   4  lcd_gotoxy
0     66   1   1  lcd_putc
0    152   2   8  int_ad_isr
0     58   1   2  @ITOF
0    244   3  11  @MULFF
0    624   8  16  @ADDFF
0    626   8   5  main
0     50   1   0  @const10189
0    722   9  18  @PRINTF_F_601
0     40   0   3  @DIV88
0    166   2   2  @PRINTF_D_601
0    178   2  12  analogPercentage
0    352   4  14  @DIVFF
0     60   1   4  @SFTOI
0     22   0   4  ananlogKeyDifference

 Segment   Used  Free
---------  ----  ----
00000-00002     4  0
00004-00006     0  4
00008-00094   142  0
00096-07FFE  3910  28708

